#
# There is insufficient memory for the Java Runtime Environment to continue.
# Native memory allocation (mmap) failed to map 266338304 bytes for Failed to commit area from 0x0000000702600000 to 0x0000000712400000 of length 266338304.
# Possible reasons:
#   The system is out of physical RAM or swap space
#   The process is running with CompressedOops enabled, and the Java Heap may be blocking the growth of the native heap
# Possible solutions:
#   Reduce memory load on the system
#   Increase physical memory or swap space
#   Check if swap backing store is full
#   Decrease Java heap size (-Xmx/-Xms)
#   Decrease number of Java threads
#   Decrease Java thread stack sizes (-Xss)
#   Set larger code cache with -XX:ReservedCodeCacheSize=
# This output file may be truncated or incomplete.
#
#  Out of Memory Error (c:/BuildAgent/work/1eae4dac1d648407/src/hotspot/os/windows/os_windows.cpp:3296), pid=68508, tid=79020
#
# JRE version:  (11.0.6+8) (build )
# Java VM: OpenJDK 64-Bit Server VM (11.0.6+8-b765.25, mixed mode, sharing, tiered, compressed oops, g1 gc, windows-amd64)
# No core dump will be written. Minidumps are not enabled by default on client versions of Windows
#

---------------  S U M M A R Y ------------

Command Line: org.jetbrains.git4idea.http.GitAskPassApp Password for 'https://richersky@126.com@code.aliyun.com': 

Host: Intel(R) Core(TM) i7-8565U CPU @ 1.80GHz, 8 cores, 15G,  Windows 10 , 64 bit Build 18362 (10.0.18362.1110)
Time: Sat Dec  5 06:00:39 2020 ?D1¨²¡À¨º¡Á?¨º¡À?? elapsed time: 0 seconds (0d 0h 0m 0s)

---------------  T H R E A D  ---------------

Current thread (0x000002051102b800):  JavaThread "Unknown thread" [_thread_in_vm, id=79020, stack(0x0000008c97300000,0x0000008c97400000)]

Stack: [0x0000008c97300000,0x0000008c97400000]
Native frames: (J=compiled Java code, j=interpreted, Vv=VM code, C=native code)
V  [jvm.dll+0x5de3ca]
V  [jvm.dll+0x710ae5]
V  [jvm.dll+0x712005]
V  [jvm.dll+0x7126b3]
V  [jvm.dll+0x23e708]
V  [jvm.dll+0x5db874]
V  [jvm.dll+0x5d0aa5]
V  [jvm.dll+0x2fb0fb]
V  [jvm.dll+0x2fb06a]
V  [jvm.dll+0x2faf42]
V  [jvm.dll+0x2ffe16]
V  [jvm.dll+0x348723]
V  [jvm.dll+0x348e26]
V  [jvm.dll+0x348823]
V  [jvm.dll+0x2d58a8]
V  [jvm.dll+0x2d6a47]
V  [jvm.dll+0x6ef917]
V  [jvm.dll+0x6f110c]
V  [jvm.dll+0x355d69]
V  [jvm.dll+0x6d4afe]
V  [jvm.dll+0x3bf3d3]
V  [jvm.dll+0x3c1921]
C  [jli.dll+0x5363]
C  [ucrtbase.dll+0x210b2]
C  [KERNEL32.DLL+0x17c24]
C  [ntdll.dll+0x6d4d1]


---------------  P R O C E S S  ---------------

Threads class SMR info:
_java_thread_list=0x000002050ee76ae0, length=0, elements={
}

Java Threads: ( => current thread )

Other Threads:
  0x0000020511045000 GCTaskThread "GC Thread#0" [stack: 0x0000008c97400000,0x0000008c97500000] [id=65816]
  0x00000205110a1800 ConcurrentGCThread "G1 Main Marker" [stack: 0x0000008c97500000,0x0000008c97600000] [id=77812]
  0x00000205110a3000 ConcurrentGCThread "G1 Conc#0" [stack: 0x0000008c97600000,0x0000008c97700000] [id=74568]

[error occurred during error reporting (printing all threads), id 0xc0000005, EXCEPTION_ACCESS_VIOLATION (0xc0000005) at pc=0x00007ffd9eb96227]

VM state:not at safepoint (not fully initialized)

VM Mutex/Monitor currently owned by a thread:  ([mutex/lock_event])
[0x00000205110275d0] Heap_lock - owner thread: 0x000002051102b800

Heap address: 0x0000000702600000, size: 4058 MB, Compressed Oops mode: Non-zero based: 0x0000000702600000
Narrow klass base: 0x0000000000000000, Narrow klass shift: 0

GC Heap History (0 events):
No events

Deoptimization events (0 events):
No events

Classes redefined (0 events):
No events

Internal exceptions (0 events):
No events

Events (2 events):
Event: 0.093 Loaded shared library C:\Program Files\JetBrains\IntelliJ IDEA 2020.1\jbr\bin\zip.dll
Event: 0.134 Loaded shared library C:\Program Files\JetBrains\IntelliJ IDEA 2020.1\jbr\bin\jimage.dll


Dynamic libraries:
0x00007ff7037f0000 - 0x00007ff7037fa000 	C:\Program Files\JetBrains\IntelliJ IDEA 2020.1\jbr\bin\java.exe
0x00007ffdf68a0000 - 0x00007ffdf6a90000 	C:\WINDOWS\SYSTEM32\ntdll.dll
0x00007ffdf61a0000 - 0x00007ffdf6252000 	C:\WINDOWS\System32\KERNEL32.DLL
0x00007ffdf3d40000 - 0x00007ffdf3fe5000 	C:\WINDOWS\System32\KERNELBASE.dll
0x00007ffdf3b20000 - 0x00007ffdf3c1a000 	C:\WINDOWS\System32\ucrtbase.dll
0x00007ffdb0e50000 - 0x00007ffdb0e69000 	C:\Program Files\JetBrains\IntelliJ IDEA 2020.1\jbr\bin\jli.dll
0x00007ffdd4bc0000 - 0x00007ffdd4bd7000 	C:\Program Files\JetBrains\IntelliJ IDEA 2020.1\jbr\bin\VCRUNTIME140.dll
0x00007ffdf4d80000 - 0x00007ffdf4f14000 	C:\WINDOWS\System32\USER32.dll
0x00007ffddd840000 - 0x00007ffdddac4000 	C:\WINDOWS\WinSxS\amd64_microsoft.windows.common-controls_6595b64144ccf1df_6.0.18362.1198_none_9e820b57e45ad92f\COMCTL32.dll
0x00007ffdf4190000 - 0x00007ffdf41b1000 	C:\WINDOWS\System32\win32u.dll
0x00007ffdf50d0000 - 0x00007ffdf516e000 	C:\WINDOWS\System32\msvcrt.dll
0x00007ffdf4950000 - 0x00007ffdf4976000 	C:\WINDOWS\System32\GDI32.dll
0x00007ffdf62e0000 - 0x00007ffdf6615000 	C:\WINDOWS\System32\combase.dll
0x00007ffdf3ff0000 - 0x00007ffdf4186000 	C:\WINDOWS\System32\gdi32full.dll
0x00007ffdf3c20000 - 0x00007ffdf3cbe000 	C:\WINDOWS\System32\msvcp_win.dll
0x00007ffdf4f50000 - 0x00007ffdf5070000 	C:\WINDOWS\System32\RPCRT4.dll
0x00007ffdf3cc0000 - 0x00007ffdf3d40000 	C:\WINDOWS\System32\bcryptPrimitives.dll
0x00007ffdf4f20000 - 0x00007ffdf4f4e000 	C:\WINDOWS\System32\IMM32.DLL
0x00007ffdbde40000 - 0x00007ffdbdedd000 	C:\Program Files\JetBrains\IntelliJ IDEA 2020.1\jbr\bin\msvcp140.dll
0x00007ffd9e8b0000 - 0x00007ffd9f36d000 	C:\Program Files\JetBrains\IntelliJ IDEA 2020.1\jbr\bin\server\jvm.dll
0x00007ffdf49f0000 - 0x00007ffdf4a93000 	C:\WINDOWS\System32\ADVAPI32.dll
0x00007ffdf4b20000 - 0x00007ffdf4bb7000 	C:\WINDOWS\System32\sechost.dll
0x00007ffdf6780000 - 0x00007ffdf6788000 	C:\WINDOWS\System32\PSAPI.DLL
0x00007ffdd5db0000 - 0x00007ffdd5db9000 	C:\WINDOWS\SYSTEM32\WSOCK32.dll
0x00007ffdf60c0000 - 0x00007ffdf612f000 	C:\WINDOWS\System32\WS2_32.dll
0x00007ffdefd80000 - 0x00007ffdefda4000 	C:\WINDOWS\SYSTEM32\WINMM.dll
0x00007ffdf3330000 - 0x00007ffdf333a000 	C:\WINDOWS\SYSTEM32\VERSION.dll
0x00007ffdefd00000 - 0x00007ffdefd2d000 	C:\WINDOWS\SYSTEM32\WINMMBASE.dll
0x00007ffdf3990000 - 0x00007ffdf39da000 	C:\WINDOWS\System32\cfgmgr32.dll
0x00007ffdf37d0000 - 0x00007ffdf37e1000 	C:\WINDOWS\System32\kernel.appcore.dll
0x00007ffdb0ea0000 - 0x00007ffdb0eb1000 	C:\Program Files\JetBrains\IntelliJ IDEA 2020.1\jbr\bin\verify.dll
0x00007ffdf2080000 - 0x00007ffdf2274000 	C:\WINDOWS\SYSTEM32\DBGHELP.DLL
0x00007ffdd54d0000 - 0x00007ffdd54fa000 	C:\WINDOWS\SYSTEM32\dbgcore.DLL
0x00007ffdb0e70000 - 0x00007ffdb0e99000 	C:\Program Files\JetBrains\IntelliJ IDEA 2020.1\jbr\bin\java.dll
0x00007ffdb0e30000 - 0x00007ffdb0e48000 	C:\Program Files\JetBrains\IntelliJ IDEA 2020.1\jbr\bin\zip.dll
0x00007ffdb0e20000 - 0x00007ffdb0e2b000 	C:\Program Files\JetBrains\IntelliJ IDEA 2020.1\jbr\bin\jimage.dll

dbghelp: loaded successfully - version: 4.0.5 - missing functions: none
symbol engine: initialized successfully - sym options: 0x614 - pdb path: .;C:\Program Files\JetBrains\IntelliJ IDEA 2020.1\jbr\bin;C:\WINDOWS\SYSTEM32;C:\WINDOWS\WinSxS\amd64_microsoft.windows.common-controls_6595b64144ccf1df_6.0.18362.1198_none_9e820b57e45ad92f;C:\Program Files\JetBrains\IntelliJ IDEA 2020.1\jbr\bin\server

VM Arguments:
java_command: org.jetbrains.git4idea.http.GitAskPassApp Password for 'https://richersky@126.com@code.aliyun.com': 
java_class_path (initial): C:/Program Files/JetBrains/IntelliJ IDEA 2020.1/plugins/git4idea/lib/git4idea-rt.jar;C:/Program Files/JetBrains/IntelliJ IDEA 2020.1/lib/xmlrpc-2.0.1.jar;C:/Program Files/JetBrains/IntelliJ IDEA 2020.1/lib/commons-codec-1.14.jar;C:/Program Files/JetBrains/IntelliJ IDEA 2020.1/lib/util.jar
Launcher Type: SUN_STANDARD

[Global flags]
     intx CICompilerCount                          = 4                                         {product} {ergonomic}
     uint ConcGCThreads                            = 2                                         {product} {ergonomic}
     uint G1ConcRefinementThreads                  = 8                                         {product} {ergonomic}
   size_t G1HeapRegionSize                         = 1048576                                   {product} {ergonomic}
    uintx GCDrainStackTargetSize                   = 64                                        {product} {ergonomic}
   size_t InitialHeapSize                          = 266338304                                 {product} {ergonomic}
   size_t MarkStackSize                            = 4194304                                   {product} {ergonomic}
   size_t MaxHeapSize                              = 4255121408                                {product} {ergonomic}
   size_t MinHeapDeltaBytes                        = 1048576                                   {product} {ergonomic}
    uintx NonNMethodCodeHeapSize                   = 5836300                                {pd product} {ergonomic}
    uintx NonProfiledCodeHeapSize                  = 122910970                              {pd product} {ergonomic}
    uintx ProfiledCodeHeapSize                     = 122910970                              {pd product} {ergonomic}
    uintx ReservedCodeCacheSize                    = 251658240                              {pd product} {ergonomic}
     bool SegmentedCodeCache                       = true                                      {product} {ergonomic}
     bool UseCompressedClassPointers               = true                                 {lp64_product} {ergonomic}
     bool UseCompressedOops                        = true                                 {lp64_product} {ergonomic}
     bool UseG1GC                                  = true                                      {product} {ergonomic}
     bool UseLargePagesIndividualAllocation        = false                                  {pd product} {ergonomic}

Logging:
Log output configuration:
 #0: stdout all=warning uptime,level,tags
 #1: stderr all=off uptime,level,tags

Environment Variables:
JAVA_HOME=C:\Program Files\Java\jdk1.8.0_172
PATH=C:\Program Files\Git\mingw64\libexec\git-core;C:\Program Files\Git\mingw64\libexec\git-core;C:\Program Files\Git\mingw64\bin;C:\Program Files\Git\usr\bin;C:\Users\richer\bin;D:\Program Files (x86)\NetSarang\Xftp 7;C:\Program Files (x86)\NetSarang\Xshell 6;D:\app\richer\virtual\product\12.2.0\dbhome_1\bin;F:\app\richer\OraHome_1\bin;C:\Program Files (x86)\Common Files\Oracle\Java\javapath;C:\Windows\system32;C:\Windows;C:\Windows\System32\Wbem;C:\Windows\System32\WindowsPowerShell\v1.0;C:\Windows\System32\OpenSSH;C:\Program Files (x86)\NVIDIA Corporation\PhysX\Common;C:\Program Files\NVIDIA Corporation\NVIDIA NvDLISR;C:\Program Files\Intel\WiFi\bin;C:\Program Files\Common Files\Intel\WirelessCommon;C:\Program Files\Git\cmd;C:\Program Files\TortoiseSVN\bin;D:\maven-3.6.3-jeesite\maven3\bin;C:\Program Files\apache-maven-3.6.2\bin;C:\WINDOWS\system32;C:\WINDOWS;C:\WINDOWS\System32\Wbem;C:\WINDOWS\System32\WindowsPowerShell\v1.0;C:\WINDOWS\System32\OpenSSH;C:\Program Files\TortoiseGit\bin;D:\Program Files\nodejs;D:\Program Files\nodejs\node_global;C:\Program Files\PuTTY;C:\Program Files\MySQL\MySQL Shell 8.0\bin;C:\Users\richer\AppData\Local\Microsoft\WindowsApps;C:\Program File\IntelliJ IDEA 2019.2.3\bin;C:\Users\richer\AppData\Roaming\npm;C:\Program Files (x86)\SSH Communications Security\SSH Secure Shell;D:\Program Files\JetBrains\DataGrip 2020.2.3\bin
USERNAME=richer
DISPLAY=:0.0
OS=Windows_NT
PROCESSOR_IDENTIFIER=Intel64 Family 6 Model 142 Stepping 12, GenuineIntel



---------------  S Y S T E M  ---------------

OS: Windows 10 , 64 bit Build 18362 (10.0.18362.1110)

CPU:total 8 (initial active 8) (4 cores per cpu, 2 threads per core) family 6 model 142 stepping 12, cmov, cx8, fxsr, mmx, sse, sse2, sse3, ssse3, sse4.1, sse4.2, popcnt, avx, avx2, aes, clmul, erms, 3dnowpref, lzcnt, ht, tsc, tscinvbit, bmi1, bmi2, adx, fma

Memory: 4k page, system-wide physical 16229M (631M free)
TotalPageFile size 35471M (AvailPageFile size 175M)
current process WorkingSet (physical memory assigned to process): 10M, peak: 10M
current process commit charge ("private bytes"): 60M, peak: 314M

vm_info: OpenJDK 64-Bit Server VM (11.0.6+8-b765.25) for windows-amd64 JRE (11.0.6+8-b765.25), built on Mar 30 2020 12:57:22 by "" with MS VC++ 14.0 (VS2015)

END.
